e:\lanliangsheng\vs2017proj\manteia_dcmnet\manteia_dcmnet\debug\manteia_dcmnet.pch
e:\lanliangsheng\vs2017proj\manteia_dcmnet\manteia_dcmnet\debug\vc141.pdb
e:\lanliangsheng\vs2017proj\manteia_dcmnet\manteia_dcmnet\debug\vc141.idb
e:\lanliangsheng\vs2017proj\manteia_dcmnet\manteia_dcmnet\debug\stdafx.obj
e:\lanliangsheng\vs2017proj\manteia_dcmnet\manteia_dcmnet\debug\storescu.obj
e:\lanliangsheng\vs2017proj\manteia_dcmnet\manteia_dcmnet\debug\scubase.obj
e:\lanliangsheng\vs2017proj\manteia_dcmnet\manteia_dcmnet\debug\scpbase.obj
e:\lanliangsheng\vs2017proj\manteia_dcmnet\manteia_dcmnet\debug\movescu.obj
e:\lanliangsheng\vs2017proj\manteia_dcmnet\manteia_dcmnet\debug\manteia_dcmnet.obj
e:\lanliangsheng\vs2017proj\manteia_dcmnet\manteia_dcmnet\debug\manteiascp.obj
e:\lanliangsheng\vs2017proj\manteia_dcmnet\manteia_dcmnet\debug\getscu.obj
e:\lanliangsheng\vs2017proj\manteia_dcmnet\manteia_dcmnet\debug\findscu.obj
e:\lanliangsheng\vs2017proj\manteia_dcmnet\manteia_dcmnet\debug\dllmain.obj
e:\lanliangsheng\vs2017proj\manteia_dcmnet\manteia_dcmnet\debug\cstorescuforcget.obj
e:\lanliangsheng\vs2017proj\manteia_dcmnet\manteia_dcmnet\debug\cprocesscstore.obj
e:\lanliangsheng\vs2017proj\manteia_dcmnet\manteia_dcmnet\debug\cprocesscommandbase.obj
e:\lanliangsheng\vs2017proj\manteia_dcmnet\manteia_dcmnet\debug\cprocesscmove.obj
e:\lanliangsheng\vs2017proj\manteia_dcmnet\manteia_dcmnet\debug\cprocesscget.obj
e:\lanliangsheng\vs2017proj\manteia_dcmnet\manteia_dcmnet\debug\cprocesscfind.obj
e:\lanliangsheng\vs2017proj\manteia_dcmnet\debug\manteia_dcmnet.ilk
e:\lanliangsheng\vs2017proj\manteia_dcmnet\debug\manteia_dcmnet.dll
e:\lanliangsheng\vs2017proj\manteia_dcmnet\debug\manteia_dcmnet.pdb
e:\lanliangsheng\vs2017proj\manteia_dcmnet\debug\manteia_dcmnet.lib
e:\lanliangsheng\vs2017proj\manteia_dcmnet\debug\manteia_dcmnet.exp
e:\lanliangsheng\vs2017proj\manteia_dcmnet\manteia_dcmnet\..\debug\manteia_dcmnet.dll
e:\lanliangsheng\vs2017proj\manteia_dcmnet\manteia_dcmnet\debug\manteia_dcmnet.tlog\cl.command.1.tlog
e:\lanliangsheng\vs2017proj\manteia_dcmnet\manteia_dcmnet\debug\manteia_dcmnet.tlog\cl.read.1.tlog
e:\lanliangsheng\vs2017proj\manteia_dcmnet\manteia_dcmnet\debug\manteia_dcmnet.tlog\cl.write.1.tlog
e:\lanliangsheng\vs2017proj\manteia_dcmnet\manteia_dcmnet\debug\manteia_dcmnet.tlog\link.command.1.tlog
e:\lanliangsheng\vs2017proj\manteia_dcmnet\manteia_dcmnet\debug\manteia_dcmnet.tlog\link.read.1.tlog
e:\lanliangsheng\vs2017proj\manteia_dcmnet\manteia_dcmnet\debug\manteia_dcmnet.tlog\link.write.1.tlog
e:\lanliangsheng\vs2017proj\manteia_dcmnet\manteia_dcmnet\debug\manteia_dcmnet.tlog\manteia_dcmnet.write.1u.tlog
